2022-06-23 12:32:22.372  INFO 9360 --- [restartedMain] com.example.demo.DemoApplication         : Starting DemoApplication using Java 11.0.15 on Formacion13 with PID 9360 (C:\Users\FORMACIÓN\Desktop\demo\target\classes started by FORMACIÓN in C:\Users\FORMACIÓN\Desktop\demo)
2022-06-23 12:32:22.375  INFO 9360 --- [restartedMain] com.example.demo.DemoApplication         : No active profile set, falling back to 1 default profile: "default"
2022-06-23 12:32:22.619  INFO 9360 --- [restartedMain] .e.DevToolsPropertyDefaultsPostProcessor : Devtools property defaults active! Set 'spring.devtools.add-properties' to 'false' to disable
2022-06-23 12:32:22.620  INFO 9360 --- [restartedMain] .e.DevToolsPropertyDefaultsPostProcessor : For additional web related logging consider setting the 'logging.level.web' property to 'DEBUG'
2022-06-23 12:32:26.425  INFO 9360 --- [restartedMain] o.s.b.w.embedded.tomcat.TomcatWebServer  : Tomcat initialized with port(s): 8080 (http)
2022-06-23 12:32:26.451  INFO 9360 --- [restartedMain] o.apache.catalina.core.StandardService   : Starting service [Tomcat]
2022-06-23 12:32:26.452  INFO 9360 --- [restartedMain] org.apache.catalina.core.StandardEngine  : Starting Servlet engine: [Apache Tomcat/9.0.63]
2022-06-23 12:32:26.596  INFO 9360 --- [restartedMain] o.a.c.c.C.[Tomcat].[localhost].[/]       : Initializing Spring embedded WebApplicationContext
2022-06-23 12:32:26.598  INFO 9360 --- [restartedMain] w.s.c.ServletWebServerApplicationContext : Root WebApplicationContext: initialization completed in 3976 ms
2022-06-23 12:32:27.635  INFO 9360 --- [restartedMain] o.s.b.a.w.s.WelcomePageHandlerMapping    : Adding welcome page: class path resource [static/index.html]
2022-06-23 12:32:27.941  INFO 9360 --- [restartedMain] o.s.b.d.a.OptionalLiveReloadServer       : LiveReload server is running on port 35729
2022-06-23 12:32:28.026  INFO 9360 --- [restartedMain] o.s.b.w.embedded.tomcat.TomcatWebServer  : Tomcat started on port(s): 8080 (http) with context path ''
2022-06-23 12:32:28.051  INFO 9360 --- [restartedMain] com.example.demo.DemoApplication         : Started DemoApplication in 6.874 seconds (JVM running for 8.417)
2022-06-23 12:32:45.122  INFO 14316 --- [restartedMain] com.example.demo.DemoApplication         : Starting DemoApplication using Java 11.0.15 on Formacion13 with PID 14316 (C:\Users\FORMACIÓN\Desktop\demo\target\classes started by FORMACIÓN in C:\Users\FORMACIÓN\Desktop\demo)
2022-06-23 12:32:45.125  INFO 14316 --- [restartedMain] com.example.demo.DemoApplication         : No active profile set, falling back to 1 default profile: "default"
2022-06-23 12:32:45.286  INFO 14316 --- [restartedMain] .e.DevToolsPropertyDefaultsPostProcessor : Devtools property defaults active! Set 'spring.devtools.add-properties' to 'false' to disable
2022-06-23 12:32:45.287  INFO 14316 --- [restartedMain] .e.DevToolsPropertyDefaultsPostProcessor : For additional web related logging consider setting the 'logging.level.web' property to 'DEBUG'
2022-06-23 12:32:48.314  INFO 14316 --- [restartedMain] o.s.b.w.embedded.tomcat.TomcatWebServer  : Tomcat initialized with port(s): 8080 (http)
2022-06-23 12:32:48.339  INFO 14316 --- [restartedMain] o.apache.catalina.core.StandardService   : Starting service [Tomcat]
2022-06-23 12:32:48.339  INFO 14316 --- [restartedMain] org.apache.catalina.core.StandardEngine  : Starting Servlet engine: [Apache Tomcat/9.0.63]
2022-06-23 12:32:48.484  INFO 14316 --- [restartedMain] o.a.c.c.C.[Tomcat].[localhost].[/]       : Initializing Spring embedded WebApplicationContext
2022-06-23 12:32:48.485  INFO 14316 --- [restartedMain] w.s.c.ServletWebServerApplicationContext : Root WebApplicationContext: initialization completed in 3197 ms
2022-06-23 12:32:49.101  INFO 14316 --- [restartedMain] o.s.b.a.w.s.WelcomePageHandlerMapping    : Adding welcome page: class path resource [static/index.html]
2022-06-23 12:32:49.395  INFO 14316 --- [restartedMain] o.s.b.d.a.OptionalLiveReloadServer       : LiveReload server is running on port 35729
2022-06-23 12:32:49.468  INFO 14316 --- [restartedMain] o.s.b.w.embedded.tomcat.TomcatWebServer  : Tomcat started on port(s): 8080 (http) with context path ''
2022-06-23 12:32:49.492  INFO 14316 --- [restartedMain] com.example.demo.DemoApplication         : Started DemoApplication in 5.317 seconds (JVM running for 6.566)
2022-06-23 12:39:03.284  INFO 9468 --- [restartedMain] com.example.demo.DemoApplication         : Starting DemoApplication using Java 11.0.15 on Formacion13 with PID 9468 (C:\Users\FORMACIÓN\Desktop\demo\target\classes started by FORMACIÓN in C:\Users\FORMACIÓN\Desktop\demo)
2022-06-23 12:39:03.287  INFO 9468 --- [restartedMain] com.example.demo.DemoApplication         : No active profile set, falling back to 1 default profile: "default"
2022-06-23 12:39:03.481  INFO 9468 --- [restartedMain] .e.DevToolsPropertyDefaultsPostProcessor : Devtools property defaults active! Set 'spring.devtools.add-properties' to 'false' to disable
2022-06-23 12:39:03.481  INFO 9468 --- [restartedMain] .e.DevToolsPropertyDefaultsPostProcessor : For additional web related logging consider setting the 'logging.level.web' property to 'DEBUG'
2022-06-23 12:39:06.740  INFO 9468 --- [restartedMain] o.s.b.w.embedded.tomcat.TomcatWebServer  : Tomcat initialized with port(s): 8080 (http)
2022-06-23 12:39:06.774  INFO 9468 --- [restartedMain] o.apache.catalina.core.StandardService   : Starting service [Tomcat]
2022-06-23 12:39:06.775  INFO 9468 --- [restartedMain] org.apache.catalina.core.StandardEngine  : Starting Servlet engine: [Apache Tomcat/9.0.63]
2022-06-23 12:39:06.939  INFO 9468 --- [restartedMain] o.a.c.c.C.[Tomcat].[localhost].[/]       : Initializing Spring embedded WebApplicationContext
2022-06-23 12:39:06.941  INFO 9468 --- [restartedMain] w.s.c.ServletWebServerApplicationContext : Root WebApplicationContext: initialization completed in 3459 ms
2022-06-23 12:39:07.676  INFO 9468 --- [restartedMain] o.s.b.a.w.s.WelcomePageHandlerMapping    : Adding welcome page: class path resource [static/index.html]
2022-06-23 12:39:08.075  INFO 9468 --- [restartedMain] o.s.b.d.a.OptionalLiveReloadServer       : LiveReload server is running on port 35729
2022-06-23 12:39:08.218  INFO 9468 --- [restartedMain] o.s.b.w.embedded.tomcat.TomcatWebServer  : Tomcat started on port(s): 8080 (http) with context path ''
2022-06-23 12:39:08.356  INFO 9468 --- [restartedMain] com.example.demo.DemoApplication         : Started DemoApplication in 6.057 seconds (JVM running for 7.224)
2022-06-23 12:39:08.379  INFO 9468 --- [restartedMain] com.example.demo.DemoApplication         : An INFO Message
2022-06-23 12:40:12.465  INFO 2572 --- [restartedMain] com.example.demo.DemoApplication         : Starting DemoApplication using Java 11.0.15 on Formacion13 with PID 2572 (C:\Users\FORMACIÓN\Desktop\demo\target\classes started by FORMACIÓN in C:\Users\FORMACIÓN\Desktop\demo)
2022-06-23 12:40:12.467  INFO 2572 --- [restartedMain] com.example.demo.DemoApplication         : No active profile set, falling back to 1 default profile: "default"
2022-06-23 12:40:12.698  INFO 2572 --- [restartedMain] .e.DevToolsPropertyDefaultsPostProcessor : Devtools property defaults active! Set 'spring.devtools.add-properties' to 'false' to disable
2022-06-23 12:40:12.699  INFO 2572 --- [restartedMain] .e.DevToolsPropertyDefaultsPostProcessor : For additional web related logging consider setting the 'logging.level.web' property to 'DEBUG'
2022-06-23 12:40:17.366  INFO 2572 --- [restartedMain] o.s.b.w.embedded.tomcat.TomcatWebServer  : Tomcat initialized with port(s): 8080 (http)
2022-06-23 12:40:17.389  INFO 2572 --- [restartedMain] o.apache.catalina.core.StandardService   : Starting service [Tomcat]
2022-06-23 12:40:17.390  INFO 2572 --- [restartedMain] org.apache.catalina.core.StandardEngine  : Starting Servlet engine: [Apache Tomcat/9.0.63]
2022-06-23 12:40:17.519  INFO 2572 --- [restartedMain] o.a.c.c.C.[Tomcat].[localhost].[/]       : Initializing Spring embedded WebApplicationContext
2022-06-23 12:40:17.520  INFO 2572 --- [restartedMain] w.s.c.ServletWebServerApplicationContext : Root WebApplicationContext: initialization completed in 4820 ms
2022-06-23 12:40:18.203  INFO 2572 --- [restartedMain] o.s.b.a.w.s.WelcomePageHandlerMapping    : Adding welcome page: class path resource [static/index.html]
2022-06-23 12:40:18.493  INFO 2572 --- [restartedMain] o.s.b.d.a.OptionalLiveReloadServer       : LiveReload server is running on port 35729
2022-06-23 12:40:18.558  INFO 2572 --- [restartedMain] o.s.b.w.embedded.tomcat.TomcatWebServer  : Tomcat started on port(s): 8080 (http) with context path ''
2022-06-23 12:40:18.580  INFO 2572 --- [restartedMain] com.example.demo.DemoApplication         : Started DemoApplication in 7.422 seconds (JVM running for 9.124)
2022-06-23 12:40:18.599  INFO 2572 --- [restartedMain] com.example.demo.DemoApplication         : An INFO Message
2022-06-23 12:40:18.600  WARN 2572 --- [restartedMain] com.example.demo.DemoApplication         : An WARN Message
2022-06-23 13:00:58.358  INFO 10548 --- [restartedMain] com.example.demo.DemoApplication         : Starting DemoApplication using Java 11.0.15 on Formacion13 with PID 10548 (C:\Users\FORMACIÓN\Desktop\demo\target\classes started by FORMACIÓN in C:\Users\FORMACIÓN\Desktop\demo)
2022-06-23 13:00:58.361  INFO 10548 --- [restartedMain] com.example.demo.DemoApplication         : No active profile set, falling back to 1 default profile: "default"
2022-06-23 13:00:58.528  INFO 10548 --- [restartedMain] .e.DevToolsPropertyDefaultsPostProcessor : Devtools property defaults active! Set 'spring.devtools.add-properties' to 'false' to disable
2022-06-23 13:00:58.529  INFO 10548 --- [restartedMain] .e.DevToolsPropertyDefaultsPostProcessor : For additional web related logging consider setting the 'logging.level.web' property to 'DEBUG'
2022-06-23 13:01:02.089  INFO 10548 --- [restartedMain] o.s.b.w.embedded.tomcat.TomcatWebServer  : Tomcat initialized with port(s): 8080 (http)
2022-06-23 13:01:02.110  INFO 10548 --- [restartedMain] o.apache.catalina.core.StandardService   : Starting service [Tomcat]
2022-06-23 13:01:02.112  INFO 10548 --- [restartedMain] org.apache.catalina.core.StandardEngine  : Starting Servlet engine: [Apache Tomcat/9.0.63]
2022-06-23 13:01:02.245  INFO 10548 --- [restartedMain] o.a.c.c.C.[Tomcat].[localhost].[/]       : Initializing Spring embedded WebApplicationContext
2022-06-23 13:01:02.248  INFO 10548 --- [restartedMain] w.s.c.ServletWebServerApplicationContext : Root WebApplicationContext: initialization completed in 3718 ms
2022-06-23 13:01:02.795  INFO 10548 --- [restartedMain] o.s.b.a.w.s.WelcomePageHandlerMapping    : Adding welcome page: class path resource [static/index.html]
2022-06-23 13:01:03.056  INFO 10548 --- [restartedMain] o.s.b.d.a.OptionalLiveReloadServer       : LiveReload server is running on port 35729
2022-06-23 13:01:03.123  INFO 10548 --- [restartedMain] o.s.b.w.embedded.tomcat.TomcatWebServer  : Tomcat started on port(s): 8080 (http) with context path ''
2022-06-23 13:01:03.148  INFO 10548 --- [restartedMain] com.example.demo.DemoApplication         : Started DemoApplication in 6.187 seconds (JVM running for 7.369)
2022-06-23 13:01:03.157  INFO 10548 --- [restartedMain] com.example.demo.DemoApplication         : An INFO Message
2022-06-23 13:01:03.159  WARN 10548 --- [restartedMain] com.example.demo.DemoApplication         : An WARN Message
2022-06-23 13:01:06.047  INFO 10548 --- [http-nio-8080-exec-1] o.a.c.c.C.[Tomcat].[localhost].[/]       : Initializing Spring DispatcherServlet 'dispatcherServlet'
2022-06-23 13:01:06.049  INFO 10548 --- [http-nio-8080-exec-1] o.s.web.servlet.DispatcherServlet        : Initializing Servlet 'dispatcherServlet'
2022-06-23 13:01:06.051  INFO 10548 --- [http-nio-8080-exec-1] o.s.web.servlet.DispatcherServlet        : Completed initialization in 1 ms
2022-06-23 13:01:06.118 ERROR 10548 --- [http-nio-8080-exec-1] o.a.c.c.C.[.[.[/].[dispatcherServlet]    : Servlet.service() for servlet [dispatcherServlet] in context with path [] threw exception [Circular view path []: would dispatch back to the current handler URL [/] again. Check your ViewResolver setup! (Hint: This may be the result of an unspecified view, due to default view name generation.)] with root cause

javax.servlet.ServletException: Circular view path []: would dispatch back to the current handler URL [/] again. Check your ViewResolver setup! (Hint: This may be the result of an unspecified view, due to default view name generation.)
	at org.springframework.web.servlet.view.InternalResourceView.prepareForRendering(InternalResourceView.java:210) ~[spring-webmvc-5.3.20.jar:5.3.20]
	at org.springframework.web.servlet.view.InternalResourceView.renderMergedOutputModel(InternalResourceView.java:148) ~[spring-webmvc-5.3.20.jar:5.3.20]
	at org.springframework.web.servlet.view.AbstractView.render(AbstractView.java:316) ~[spring-webmvc-5.3.20.jar:5.3.20]
	at org.springframework.web.servlet.DispatcherServlet.render(DispatcherServlet.java:1401) ~[spring-webmvc-5.3.20.jar:5.3.20]
	at org.springframework.web.servlet.DispatcherServlet.processDispatchResult(DispatcherServlet.java:1145) ~[spring-webmvc-5.3.20.jar:5.3.20]
	at org.springframework.web.servlet.DispatcherServlet.doDispatch(DispatcherServlet.java:1084) ~[spring-webmvc-5.3.20.jar:5.3.20]
	at org.springframework.web.servlet.DispatcherServlet.doService(DispatcherServlet.java:963) ~[spring-webmvc-5.3.20.jar:5.3.20]
	at org.springframework.web.servlet.FrameworkServlet.processRequest(FrameworkServlet.java:1006) ~[spring-webmvc-5.3.20.jar:5.3.20]
	at org.springframework.web.servlet.FrameworkServlet.doGet(FrameworkServlet.java:898) ~[spring-webmvc-5.3.20.jar:5.3.20]
	at javax.servlet.http.HttpServlet.service(HttpServlet.java:655) ~[tomcat-embed-core-9.0.63.jar:4.0.FR]
	at org.springframework.web.servlet.FrameworkServlet.service(FrameworkServlet.java:883) ~[spring-webmvc-5.3.20.jar:5.3.20]
	at javax.servlet.http.HttpServlet.service(HttpServlet.java:764) ~[tomcat-embed-core-9.0.63.jar:4.0.FR]
	at org.apache.catalina.core.ApplicationFilterChain.internalDoFilter(ApplicationFilterChain.java:227) ~[tomcat-embed-core-9.0.63.jar:9.0.63]
	at org.apache.catalina.core.ApplicationFilterChain.doFilter(ApplicationFilterChain.java:162) ~[tomcat-embed-core-9.0.63.jar:9.0.63]
	at org.apache.tomcat.websocket.server.WsFilter.doFilter(WsFilter.java:53) ~[tomcat-embed-websocket-9.0.63.jar:9.0.63]
	at org.apache.catalina.core.ApplicationFilterChain.internalDoFilter(ApplicationFilterChain.java:189) ~[tomcat-embed-core-9.0.63.jar:9.0.63]
	at org.apache.catalina.core.ApplicationFilterChain.doFilter(ApplicationFilterChain.java:162) ~[tomcat-embed-core-9.0.63.jar:9.0.63]
	at org.springframework.web.filter.RequestContextFilter.doFilterInternal(RequestContextFilter.java:100) ~[spring-web-5.3.20.jar:5.3.20]
	at org.springframework.web.filter.OncePerRequestFilter.doFilter(OncePerRequestFilter.java:117) ~[spring-web-5.3.20.jar:5.3.20]
	at org.apache.catalina.core.ApplicationFilterChain.internalDoFilter(ApplicationFilterChain.java:189) ~[tomcat-embed-core-9.0.63.jar:9.0.63]
	at org.apache.catalina.core.ApplicationFilterChain.doFilter(ApplicationFilterChain.java:162) ~[tomcat-embed-core-9.0.63.jar:9.0.63]
	at org.springframework.web.filter.FormContentFilter.doFilterInternal(FormContentFilter.java:93) ~[spring-web-5.3.20.jar:5.3.20]
	at org.springframework.web.filter.OncePerRequestFilter.doFilter(OncePerRequestFilter.java:117) ~[spring-web-5.3.20.jar:5.3.20]
	at org.apache.catalina.core.ApplicationFilterChain.internalDoFilter(ApplicationFilterChain.java:189) ~[tomcat-embed-core-9.0.63.jar:9.0.63]
	at org.apache.catalina.core.ApplicationFilterChain.doFilter(ApplicationFilterChain.java:162) ~[tomcat-embed-core-9.0.63.jar:9.0.63]
	at org.springframework.web.filter.CharacterEncodingFilter.doFilterInternal(CharacterEncodingFilter.java:201) ~[spring-web-5.3.20.jar:5.3.20]
	at org.springframework.web.filter.OncePerRequestFilter.doFilter(OncePerRequestFilter.java:117) ~[spring-web-5.3.20.jar:5.3.20]
	at org.apache.catalina.core.ApplicationFilterChain.internalDoFilter(ApplicationFilterChain.java:189) ~[tomcat-embed-core-9.0.63.jar:9.0.63]
	at org.apache.catalina.core.ApplicationFilterChain.doFilter(ApplicationFilterChain.java:162) ~[tomcat-embed-core-9.0.63.jar:9.0.63]
	at org.apache.catalina.core.StandardWrapperValve.invoke(StandardWrapperValve.java:197) ~[tomcat-embed-core-9.0.63.jar:9.0.63]
	at org.apache.catalina.core.StandardContextValve.invoke(StandardContextValve.java:97) ~[tomcat-embed-core-9.0.63.jar:9.0.63]
	at org.apache.catalina.authenticator.AuthenticatorBase.invoke(AuthenticatorBase.java:541) ~[tomcat-embed-core-9.0.63.jar:9.0.63]
	at org.apache.catalina.core.StandardHostValve.invoke(StandardHostValve.java:135) ~[tomcat-embed-core-9.0.63.jar:9.0.63]
	at org.apache.catalina.valves.ErrorReportValve.invoke(ErrorReportValve.java:92) ~[tomcat-embed-core-9.0.63.jar:9.0.63]
	at org.apache.catalina.core.StandardEngineValve.invoke(StandardEngineValve.java:78) ~[tomcat-embed-core-9.0.63.jar:9.0.63]
	at org.apache.catalina.connector.CoyoteAdapter.service(CoyoteAdapter.java:360) ~[tomcat-embed-core-9.0.63.jar:9.0.63]
	at org.apache.coyote.http11.Http11Processor.service(Http11Processor.java:399) ~[tomcat-embed-core-9.0.63.jar:9.0.63]
	at org.apache.coyote.AbstractProcessorLight.process(AbstractProcessorLight.java:65) ~[tomcat-embed-core-9.0.63.jar:9.0.63]
	at org.apache.coyote.AbstractProtocol$ConnectionHandler.process(AbstractProtocol.java:890) ~[tomcat-embed-core-9.0.63.jar:9.0.63]
	at org.apache.tomcat.util.net.NioEndpoint$SocketProcessor.doRun(NioEndpoint.java:1743) ~[tomcat-embed-core-9.0.63.jar:9.0.63]
	at org.apache.tomcat.util.net.SocketProcessorBase.run(SocketProcessorBase.java:49) ~[tomcat-embed-core-9.0.63.jar:9.0.63]
	at org.apache.tomcat.util.threads.ThreadPoolExecutor.runWorker(ThreadPoolExecutor.java:1191) ~[tomcat-embed-core-9.0.63.jar:9.0.63]
	at org.apache.tomcat.util.threads.ThreadPoolExecutor$Worker.run(ThreadPoolExecutor.java:659) ~[tomcat-embed-core-9.0.63.jar:9.0.63]
	at org.apache.tomcat.util.threads.TaskThread$WrappingRunnable.run(TaskThread.java:61) ~[tomcat-embed-core-9.0.63.jar:9.0.63]
	at java.base/java.lang.Thread.run(Thread.java:834) ~[na:na]

2022-06-23 13:02:23.404  INFO 14188 --- [restartedMain] com.example.demo.DemoApplication         : Starting DemoApplication using Java 11.0.15 on Formacion13 with PID 14188 (C:\Users\FORMACIÓN\Desktop\demo\target\classes started by FORMACIÓN in C:\Users\FORMACIÓN\Desktop\demo)
2022-06-23 13:02:23.407  INFO 14188 --- [restartedMain] com.example.demo.DemoApplication         : No active profile set, falling back to 1 default profile: "default"
2022-06-23 13:02:23.573  INFO 14188 --- [restartedMain] .e.DevToolsPropertyDefaultsPostProcessor : Devtools property defaults active! Set 'spring.devtools.add-properties' to 'false' to disable
2022-06-23 13:02:23.573  INFO 14188 --- [restartedMain] .e.DevToolsPropertyDefaultsPostProcessor : For additional web related logging consider setting the 'logging.level.web' property to 'DEBUG'
2022-06-23 13:02:27.462  INFO 14188 --- [restartedMain] o.s.b.w.embedded.tomcat.TomcatWebServer  : Tomcat initialized with port(s): 8080 (http)
2022-06-23 13:02:27.484  INFO 14188 --- [restartedMain] o.apache.catalina.core.StandardService   : Starting service [Tomcat]
2022-06-23 13:02:27.484  INFO 14188 --- [restartedMain] org.apache.catalina.core.StandardEngine  : Starting Servlet engine: [Apache Tomcat/9.0.63]
2022-06-23 13:02:27.620  INFO 14188 --- [restartedMain] o.a.c.c.C.[Tomcat].[localhost].[/]       : Initializing Spring embedded WebApplicationContext
2022-06-23 13:02:27.624  INFO 14188 --- [restartedMain] w.s.c.ServletWebServerApplicationContext : Root WebApplicationContext: initialization completed in 4049 ms
2022-06-23 13:02:28.436  INFO 14188 --- [restartedMain] o.s.b.a.w.s.WelcomePageHandlerMapping    : Adding welcome page: class path resource [static/index.html]
2022-06-23 13:02:28.874  INFO 14188 --- [restartedMain] o.s.b.d.a.OptionalLiveReloadServer       : LiveReload server is running on port 35729
2022-06-23 13:02:28.960  INFO 14188 --- [restartedMain] o.s.b.w.embedded.tomcat.TomcatWebServer  : Tomcat started on port(s): 8080 (http) with context path ''
2022-06-23 13:02:28.998  INFO 14188 --- [restartedMain] com.example.demo.DemoApplication         : Started DemoApplication in 6.711 seconds (JVM running for 8.148)
2022-06-23 13:02:29.009  INFO 14188 --- [restartedMain] com.example.demo.DemoApplication         : An INFO Message
2022-06-23 13:02:29.014  WARN 14188 --- [restartedMain] com.example.demo.DemoApplication         : An WARN Message
2022-06-23 13:02:35.635  INFO 14188 --- [http-nio-8080-exec-1] o.a.c.c.C.[Tomcat].[localhost].[/]       : Initializing Spring DispatcherServlet 'dispatcherServlet'
2022-06-23 13:02:35.638  INFO 14188 --- [http-nio-8080-exec-1] o.s.web.servlet.DispatcherServlet        : Initializing Servlet 'dispatcherServlet'
2022-06-23 13:02:35.639  INFO 14188 --- [http-nio-8080-exec-1] o.s.web.servlet.DispatcherServlet        : Completed initialization in 1 ms
2022-06-23 13:06:07.793  INFO 11672 --- [restartedMain] com.example.demo.DemoApplication         : Starting DemoApplication using Java 11.0.15 on Formacion13 with PID 11672 (C:\Users\FORMACIÓN\Desktop\demo\target\classes started by FORMACIÓN in C:\Users\FORMACIÓN\Desktop\demo)
2022-06-23 13:06:07.796  INFO 11672 --- [restartedMain] com.example.demo.DemoApplication         : No active profile set, falling back to 1 default profile: "default"
2022-06-23 13:06:07.937  INFO 11672 --- [restartedMain] .e.DevToolsPropertyDefaultsPostProcessor : Devtools property defaults active! Set 'spring.devtools.add-properties' to 'false' to disable
2022-06-23 13:06:07.938  INFO 11672 --- [restartedMain] .e.DevToolsPropertyDefaultsPostProcessor : For additional web related logging consider setting the 'logging.level.web' property to 'DEBUG'
2022-06-23 13:06:10.787  INFO 11672 --- [restartedMain] o.s.b.w.embedded.tomcat.TomcatWebServer  : Tomcat initialized with port(s): 8080 (http)
2022-06-23 13:06:10.814  INFO 11672 --- [restartedMain] o.apache.catalina.core.StandardService   : Starting service [Tomcat]
2022-06-23 13:06:10.815  INFO 11672 --- [restartedMain] org.apache.catalina.core.StandardEngine  : Starting Servlet engine: [Apache Tomcat/9.0.63]
2022-06-23 13:06:10.948  INFO 11672 --- [restartedMain] o.a.c.c.C.[Tomcat].[localhost].[/]       : Initializing Spring embedded WebApplicationContext
2022-06-23 13:06:10.949  INFO 11672 --- [restartedMain] w.s.c.ServletWebServerApplicationContext : Root WebApplicationContext: initialization completed in 3010 ms
2022-06-23 13:06:11.506  INFO 11672 --- [restartedMain] o.s.b.a.w.s.WelcomePageHandlerMapping    : Adding welcome page: class path resource [static/index.html]
2022-06-23 13:06:11.784  INFO 11672 --- [restartedMain] o.s.b.d.a.OptionalLiveReloadServer       : LiveReload server is running on port 35729
2022-06-23 13:06:11.849  INFO 11672 --- [restartedMain] o.s.b.w.embedded.tomcat.TomcatWebServer  : Tomcat started on port(s): 8080 (http) with context path ''
2022-06-23 13:06:11.872  INFO 11672 --- [restartedMain] com.example.demo.DemoApplication         : Started DemoApplication in 5.049 seconds (JVM running for 6.273)
2022-06-23 13:06:11.880  INFO 11672 --- [restartedMain] com.example.demo.DemoApplication         : An INFO Message
2022-06-23 13:06:11.883  WARN 11672 --- [restartedMain] com.example.demo.DemoApplication         : An WARN Message
2022-06-23 13:06:16.743  INFO 11672 --- [http-nio-8080-exec-1] o.a.c.c.C.[Tomcat].[localhost].[/]       : Initializing Spring DispatcherServlet 'dispatcherServlet'
2022-06-23 13:06:16.744  INFO 11672 --- [http-nio-8080-exec-1] o.s.web.servlet.DispatcherServlet        : Initializing Servlet 'dispatcherServlet'
2022-06-23 13:06:16.747  INFO 11672 --- [http-nio-8080-exec-1] o.s.web.servlet.DispatcherServlet        : Completed initialization in 2 ms
2022-06-23 13:15:03.549  INFO 8652 --- [restartedMain] com.example.demo.DemoApplication         : Starting DemoApplication using Java 11.0.15 on Formacion13 with PID 8652 (C:\Users\FORMACIÓN\Desktop\demo\target\classes started by FORMACIÓN in C:\Users\FORMACIÓN\Desktop\demo)
2022-06-23 13:15:03.554  INFO 8652 --- [restartedMain] com.example.demo.DemoApplication         : No active profile set, falling back to 1 default profile: "default"
2022-06-23 13:15:03.704  INFO 8652 --- [restartedMain] .e.DevToolsPropertyDefaultsPostProcessor : Devtools property defaults active! Set 'spring.devtools.add-properties' to 'false' to disable
2022-06-23 13:15:03.705  INFO 8652 --- [restartedMain] .e.DevToolsPropertyDefaultsPostProcessor : For additional web related logging consider setting the 'logging.level.web' property to 'DEBUG'
2022-06-23 13:15:07.025  INFO 8652 --- [restartedMain] o.s.b.w.embedded.tomcat.TomcatWebServer  : Tomcat initialized with port(s): 8080 (http)
2022-06-23 13:15:07.053  INFO 8652 --- [restartedMain] o.apache.catalina.core.StandardService   : Starting service [Tomcat]
2022-06-23 13:15:07.054  INFO 8652 --- [restartedMain] org.apache.catalina.core.StandardEngine  : Starting Servlet engine: [Apache Tomcat/9.0.63]
2022-06-23 13:15:07.207  INFO 8652 --- [restartedMain] o.a.c.c.C.[Tomcat].[localhost].[/]       : Initializing Spring embedded WebApplicationContext
2022-06-23 13:15:07.208  INFO 8652 --- [restartedMain] w.s.c.ServletWebServerApplicationContext : Root WebApplicationContext: initialization completed in 3502 ms
2022-06-23 13:15:07.853  INFO 8652 --- [restartedMain] o.s.b.a.w.s.WelcomePageHandlerMapping    : Adding welcome page: class path resource [static/index.html]
2022-06-23 13:15:08.265  INFO 8652 --- [restartedMain] o.s.b.d.a.OptionalLiveReloadServer       : LiveReload server is running on port 35729
2022-06-23 13:15:08.343  INFO 8652 --- [restartedMain] o.s.b.w.embedded.tomcat.TomcatWebServer  : Tomcat started on port(s): 8080 (http) with context path ''
2022-06-23 13:15:08.369  INFO 8652 --- [restartedMain] com.example.demo.DemoApplication         : Started DemoApplication in 5.942 seconds (JVM running for 7.367)
2022-06-23 13:15:08.377  INFO 8652 --- [restartedMain] com.example.demo.DemoApplication         : An INFO Message
2022-06-23 13:15:08.378  WARN 8652 --- [restartedMain] com.example.demo.DemoApplication         : An WARN Message
2022-06-23 13:15:13.692  INFO 8652 --- [http-nio-8080-exec-1] o.a.c.c.C.[Tomcat].[localhost].[/]       : Initializing Spring DispatcherServlet 'dispatcherServlet'
2022-06-23 13:15:13.693  INFO 8652 --- [http-nio-8080-exec-1] o.s.web.servlet.DispatcherServlet        : Initializing Servlet 'dispatcherServlet'
2022-06-23 13:15:13.695  INFO 8652 --- [http-nio-8080-exec-1] o.s.web.servlet.DispatcherServlet        : Completed initialization in 1 ms
2022-06-23 13:16:41.917  INFO 15228 --- [restartedMain] com.example.demo.DemoApplication         : Starting DemoApplication using Java 11.0.15 on Formacion13 with PID 15228 (C:\Users\FORMACIÓN\Desktop\demo\target\classes started by FORMACIÓN in C:\Users\FORMACIÓN\Desktop\demo)
2022-06-23 13:16:41.920  INFO 15228 --- [restartedMain] com.example.demo.DemoApplication         : No active profile set, falling back to 1 default profile: "default"
2022-06-23 13:16:42.078  INFO 15228 --- [restartedMain] .e.DevToolsPropertyDefaultsPostProcessor : Devtools property defaults active! Set 'spring.devtools.add-properties' to 'false' to disable
2022-06-23 13:16:42.079  INFO 15228 --- [restartedMain] .e.DevToolsPropertyDefaultsPostProcessor : For additional web related logging consider setting the 'logging.level.web' property to 'DEBUG'
2022-06-23 13:16:45.192  INFO 15228 --- [restartedMain] o.s.b.w.embedded.tomcat.TomcatWebServer  : Tomcat initialized with port(s): 8080 (http)
2022-06-23 13:16:45.219  INFO 15228 --- [restartedMain] o.apache.catalina.core.StandardService   : Starting service [Tomcat]
2022-06-23 13:16:45.220  INFO 15228 --- [restartedMain] org.apache.catalina.core.StandardEngine  : Starting Servlet engine: [Apache Tomcat/9.0.63]
2022-06-23 13:16:45.381  INFO 15228 --- [restartedMain] o.a.c.c.C.[Tomcat].[localhost].[/]       : Initializing Spring embedded WebApplicationContext
2022-06-23 13:16:45.382  INFO 15228 --- [restartedMain] w.s.c.ServletWebServerApplicationContext : Root WebApplicationContext: initialization completed in 3301 ms
2022-06-23 13:16:46.101  INFO 15228 --- [restartedMain] o.s.b.a.w.s.WelcomePageHandlerMapping    : Adding welcome page: class path resource [static/index.html]
2022-06-23 13:16:46.404  INFO 15228 --- [restartedMain] o.s.b.d.a.OptionalLiveReloadServer       : LiveReload server is running on port 35729
2022-06-23 13:16:46.513  INFO 15228 --- [restartedMain] o.s.b.w.embedded.tomcat.TomcatWebServer  : Tomcat started on port(s): 8080 (http) with context path ''
2022-06-23 13:16:46.546  INFO 15228 --- [restartedMain] com.example.demo.DemoApplication         : Started DemoApplication in 5.63 seconds (JVM running for 7.007)
2022-06-23 13:16:46.566  INFO 15228 --- [restartedMain] com.example.demo.DemoApplication         : An INFO Message
2022-06-23 13:16:46.568  WARN 15228 --- [restartedMain] com.example.demo.DemoApplication         : An WARN Message
2022-06-23 13:16:48.228  INFO 15228 --- [http-nio-8080-exec-1] o.a.c.c.C.[Tomcat].[localhost].[/]       : Initializing Spring DispatcherServlet 'dispatcherServlet'
2022-06-23 13:16:48.230  INFO 15228 --- [http-nio-8080-exec-1] o.s.web.servlet.DispatcherServlet        : Initializing Servlet 'dispatcherServlet'
2022-06-23 13:16:48.232  INFO 15228 --- [http-nio-8080-exec-1] o.s.web.servlet.DispatcherServlet        : Completed initialization in 2 ms
2022-06-23 13:19:27.964  INFO 3056 --- [restartedMain] com.example.demo.DemoApplication         : Starting DemoApplication using Java 11.0.15 on Formacion13 with PID 3056 (C:\Users\FORMACIÓN\Desktop\demo\target\classes started by FORMACIÓN in C:\Users\FORMACIÓN\Desktop\demo)
2022-06-23 13:19:27.967  INFO 3056 --- [restartedMain] com.example.demo.DemoApplication         : No active profile set, falling back to 1 default profile: "default"
2022-06-23 13:19:28.122  INFO 3056 --- [restartedMain] .e.DevToolsPropertyDefaultsPostProcessor : Devtools property defaults active! Set 'spring.devtools.add-properties' to 'false' to disable
2022-06-23 13:19:28.123  INFO 3056 --- [restartedMain] .e.DevToolsPropertyDefaultsPostProcessor : For additional web related logging consider setting the 'logging.level.web' property to 'DEBUG'
2022-06-23 13:19:30.857  INFO 3056 --- [restartedMain] o.s.b.w.embedded.tomcat.TomcatWebServer  : Tomcat initialized with port(s): 8080 (http)
2022-06-23 13:19:30.894  INFO 3056 --- [restartedMain] o.apache.catalina.core.StandardService   : Starting service [Tomcat]
2022-06-23 13:19:30.894  INFO 3056 --- [restartedMain] org.apache.catalina.core.StandardEngine  : Starting Servlet engine: [Apache Tomcat/9.0.63]
2022-06-23 13:19:31.067  INFO 3056 --- [restartedMain] o.a.c.c.C.[Tomcat].[localhost].[/]       : Initializing Spring embedded WebApplicationContext
2022-06-23 13:19:31.069  INFO 3056 --- [restartedMain] w.s.c.ServletWebServerApplicationContext : Root WebApplicationContext: initialization completed in 2945 ms
2022-06-23 13:19:31.694  INFO 3056 --- [restartedMain] o.s.b.a.w.s.WelcomePageHandlerMapping    : Adding welcome page: class path resource [static/index.html]
2022-06-23 13:19:32.164  INFO 3056 --- [restartedMain] o.s.b.d.a.OptionalLiveReloadServer       : LiveReload server is running on port 35729
2022-06-23 13:19:32.310  INFO 3056 --- [restartedMain] o.s.b.w.embedded.tomcat.TomcatWebServer  : Tomcat started on port(s): 8080 (http) with context path ''
2022-06-23 13:19:32.333  INFO 3056 --- [restartedMain] com.example.demo.DemoApplication         : Started DemoApplication in 5.438 seconds (JVM running for 6.555)
2022-06-23 13:19:32.344  INFO 3056 --- [restartedMain] com.example.demo.DemoApplication         : An INFO Message
2022-06-23 13:19:32.345  WARN 3056 --- [restartedMain] com.example.demo.DemoApplication         : An WARN Message
2022-06-23 13:19:36.578  INFO 3056 --- [http-nio-8080-exec-1] o.a.c.c.C.[Tomcat].[localhost].[/]       : Initializing Spring DispatcherServlet 'dispatcherServlet'
2022-06-23 13:19:36.579  INFO 3056 --- [http-nio-8080-exec-1] o.s.web.servlet.DispatcherServlet        : Initializing Servlet 'dispatcherServlet'
2022-06-23 13:19:36.581  INFO 3056 --- [http-nio-8080-exec-1] o.s.web.servlet.DispatcherServlet        : Completed initialization in 1 ms
2022-06-23 13:25:18.357  INFO 9656 --- [restartedMain] com.example.demo.DemoApplication         : Starting DemoApplication using Java 11.0.15 on Formacion13 with PID 9656 (C:\Users\FORMACIÓN\Desktop\demo\target\classes started by FORMACIÓN in C:\Users\FORMACIÓN\Desktop\demo)
2022-06-23 13:25:18.359  INFO 9656 --- [restartedMain] com.example.demo.DemoApplication         : No active profile set, falling back to 1 default profile: "default"
2022-06-23 13:25:18.516  INFO 9656 --- [restartedMain] .e.DevToolsPropertyDefaultsPostProcessor : Devtools property defaults active! Set 'spring.devtools.add-properties' to 'false' to disable
2022-06-23 13:25:18.517  INFO 9656 --- [restartedMain] .e.DevToolsPropertyDefaultsPostProcessor : For additional web related logging consider setting the 'logging.level.web' property to 'DEBUG'
2022-06-23 13:25:21.339  INFO 9656 --- [restartedMain] o.s.b.w.embedded.tomcat.TomcatWebServer  : Tomcat initialized with port(s): 8080 (http)
2022-06-23 13:25:21.370  INFO 9656 --- [restartedMain] o.apache.catalina.core.StandardService   : Starting service [Tomcat]
2022-06-23 13:25:21.372  INFO 9656 --- [restartedMain] org.apache.catalina.core.StandardEngine  : Starting Servlet engine: [Apache Tomcat/9.0.63]
2022-06-23 13:25:21.541  INFO 9656 --- [restartedMain] o.a.c.c.C.[Tomcat].[localhost].[/]       : Initializing Spring embedded WebApplicationContext
2022-06-23 13:25:21.542  INFO 9656 --- [restartedMain] w.s.c.ServletWebServerApplicationContext : Root WebApplicationContext: initialization completed in 3024 ms
2022-06-23 13:25:22.167  INFO 9656 --- [restartedMain] o.s.b.a.w.s.WelcomePageHandlerMapping    : Adding welcome page: class path resource [static/index.html]
2022-06-23 13:25:22.473  INFO 9656 --- [restartedMain] o.s.b.d.a.OptionalLiveReloadServer       : LiveReload server is running on port 35729
2022-06-23 13:25:22.543  INFO 9656 --- [restartedMain] o.s.b.w.embedded.tomcat.TomcatWebServer  : Tomcat started on port(s): 8080 (http) with context path ''
2022-06-23 13:25:22.577  INFO 9656 --- [restartedMain] com.example.demo.DemoApplication         : Started DemoApplication in 5.202 seconds (JVM running for 6.215)
2022-06-23 13:25:22.586  INFO 9656 --- [restartedMain] com.example.demo.DemoApplication         : An INFO Message
2022-06-23 13:25:22.586  WARN 9656 --- [restartedMain] com.example.demo.DemoApplication         : An WARN Message
2022-06-23 13:25:22.670  INFO 9656 --- [http-nio-8080-exec-1] o.a.c.c.C.[Tomcat].[localhost].[/]       : Initializing Spring DispatcherServlet 'dispatcherServlet'
2022-06-23 13:25:22.672  INFO 9656 --- [http-nio-8080-exec-1] o.s.web.servlet.DispatcherServlet        : Initializing Servlet 'dispatcherServlet'
2022-06-23 13:25:22.674  INFO 9656 --- [http-nio-8080-exec-1] o.s.web.servlet.DispatcherServlet        : Completed initialization in 1 ms
2022-06-23 13:32:44.297  INFO 992 --- [restartedMain] com.example.demo.DemoApplication         : Starting DemoApplication using Java 11.0.15 on Formacion13 with PID 992 (C:\Users\FORMACIÓN\Desktop\demo\target\classes started by FORMACIÓN in C:\Users\FORMACIÓN\Desktop\demo)
2022-06-23 13:32:44.301  INFO 992 --- [restartedMain] com.example.demo.DemoApplication         : No active profile set, falling back to 1 default profile: "default"
2022-06-23 13:32:44.465  INFO 992 --- [restartedMain] .e.DevToolsPropertyDefaultsPostProcessor : Devtools property defaults active! Set 'spring.devtools.add-properties' to 'false' to disable
2022-06-23 13:32:44.466  INFO 992 --- [restartedMain] .e.DevToolsPropertyDefaultsPostProcessor : For additional web related logging consider setting the 'logging.level.web' property to 'DEBUG'
2022-06-23 13:32:47.606  INFO 992 --- [restartedMain] o.s.b.w.embedded.tomcat.TomcatWebServer  : Tomcat initialized with port(s): 8080 (http)
2022-06-23 13:32:47.637  INFO 992 --- [restartedMain] o.apache.catalina.core.StandardService   : Starting service [Tomcat]
2022-06-23 13:32:47.638  INFO 992 --- [restartedMain] org.apache.catalina.core.StandardEngine  : Starting Servlet engine: [Apache Tomcat/9.0.63]
2022-06-23 13:32:47.779  INFO 992 --- [restartedMain] o.a.c.c.C.[Tomcat].[localhost].[/]       : Initializing Spring embedded WebApplicationContext
2022-06-23 13:32:47.782  INFO 992 --- [restartedMain] w.s.c.ServletWebServerApplicationContext : Root WebApplicationContext: initialization completed in 3314 ms
2022-06-23 13:32:48.333  INFO 992 --- [restartedMain] o.s.b.a.w.s.WelcomePageHandlerMapping    : Adding welcome page: class path resource [static/index.html]
2022-06-23 13:32:48.603  INFO 992 --- [restartedMain] o.s.b.d.a.OptionalLiveReloadServer       : LiveReload server is running on port 35729
2022-06-23 13:32:48.673  INFO 992 --- [restartedMain] o.s.b.w.embedded.tomcat.TomcatWebServer  : Tomcat started on port(s): 8080 (http) with context path ''
2022-06-23 13:32:48.695  INFO 992 --- [restartedMain] com.example.demo.DemoApplication         : Started DemoApplication in 5.749 seconds (JVM running for 7.101)
2022-06-23 13:32:48.702  INFO 992 --- [restartedMain] com.example.demo.DemoApplication         : An INFO Message
2022-06-23 13:32:48.706  WARN 992 --- [restartedMain] com.example.demo.DemoApplication         : An WARN Message
2022-06-23 13:32:50.923  INFO 992 --- [http-nio-8080-exec-1] o.a.c.c.C.[Tomcat].[localhost].[/]       : Initializing Spring DispatcherServlet 'dispatcherServlet'
2022-06-23 13:32:50.924  INFO 992 --- [http-nio-8080-exec-1] o.s.web.servlet.DispatcherServlet        : Initializing Servlet 'dispatcherServlet'
2022-06-23 13:32:50.930  INFO 992 --- [http-nio-8080-exec-1] o.s.web.servlet.DispatcherServlet        : Completed initialization in 5 ms
2022-06-23 13:41:59.878  INFO 14564 --- [restartedMain] com.example.demo.DemoApplication         : Starting DemoApplication using Java 11.0.15 on Formacion13 with PID 14564 (C:\Users\FORMACIÓN\Desktop\demo\target\classes started by FORMACIÓN in C:\Users\FORMACIÓN\Desktop\demo)
2022-06-23 13:41:59.881  INFO 14564 --- [restartedMain] com.example.demo.DemoApplication         : No active profile set, falling back to 1 default profile: "default"
2022-06-23 13:42:00.110  INFO 14564 --- [restartedMain] .e.DevToolsPropertyDefaultsPostProcessor : Devtools property defaults active! Set 'spring.devtools.add-properties' to 'false' to disable
2022-06-23 13:42:00.111  INFO 14564 --- [restartedMain] .e.DevToolsPropertyDefaultsPostProcessor : For additional web related logging consider setting the 'logging.level.web' property to 'DEBUG'
2022-06-23 13:42:03.593  INFO 14564 --- [restartedMain] o.s.b.w.embedded.tomcat.TomcatWebServer  : Tomcat initialized with port(s): 8080 (http)
2022-06-23 13:42:03.667  INFO 14564 --- [restartedMain] o.apache.catalina.core.StandardService   : Starting service [Tomcat]
2022-06-23 13:42:03.716  INFO 14564 --- [restartedMain] org.apache.catalina.core.StandardEngine  : Starting Servlet engine: [Apache Tomcat/9.0.63]
2022-06-23 13:42:04.210  INFO 14564 --- [restartedMain] o.a.c.c.C.[Tomcat].[localhost].[/]       : Initializing Spring embedded WebApplicationContext
2022-06-23 13:42:04.212  INFO 14564 --- [restartedMain] w.s.c.ServletWebServerApplicationContext : Root WebApplicationContext: initialization completed in 4099 ms
2022-06-23 13:42:06.422  INFO 14564 --- [restartedMain] o.s.b.a.w.s.WelcomePageHandlerMapping    : Adding welcome page: class path resource [static/index.html]
2022-06-23 13:42:06.789  INFO 14564 --- [restartedMain] o.s.b.d.a.OptionalLiveReloadServer       : LiveReload server is running on port 35729
2022-06-23 13:42:06.904  INFO 14564 --- [restartedMain] o.s.b.w.embedded.tomcat.TomcatWebServer  : Tomcat started on port(s): 8080 (http) with context path ''
2022-06-23 13:42:06.931  INFO 14564 --- [restartedMain] com.example.demo.DemoApplication         : Started DemoApplication in 8.072 seconds (JVM running for 9.592)
2022-06-23 13:42:06.939  INFO 14564 --- [restartedMain] com.example.demo.DemoApplication         : An INFO Message
2022-06-23 13:42:06.940  WARN 14564 --- [restartedMain] com.example.demo.DemoApplication         : An WARN Message
2022-06-23 13:42:09.925  INFO 14564 --- [http-nio-8080-exec-1] o.a.c.c.C.[Tomcat].[localhost].[/]       : Initializing Spring DispatcherServlet 'dispatcherServlet'
2022-06-23 13:42:09.926  INFO 14564 --- [http-nio-8080-exec-1] o.s.web.servlet.DispatcherServlet        : Initializing Servlet 'dispatcherServlet'
2022-06-23 13:42:09.927  INFO 14564 --- [http-nio-8080-exec-1] o.s.web.servlet.DispatcherServlet        : Completed initialization in 0 ms
2022-06-23 15:09:12.829  INFO 7572 --- [restartedMain] com.example.demo.DemoApplication         : Starting DemoApplication using Java 11.0.15 on Formacion13 with PID 7572 (C:\Users\FORMACIÓN\Desktop\demo\target\classes started by FORMACIÓN in C:\Users\FORMACIÓN\Desktop\demo)
2022-06-23 15:09:12.832  INFO 7572 --- [restartedMain] com.example.demo.DemoApplication         : No active profile set, falling back to 1 default profile: "default"
2022-06-23 15:09:12.977  INFO 7572 --- [restartedMain] .e.DevToolsPropertyDefaultsPostProcessor : Devtools property defaults active! Set 'spring.devtools.add-properties' to 'false' to disable
2022-06-23 15:09:12.977  INFO 7572 --- [restartedMain] .e.DevToolsPropertyDefaultsPostProcessor : For additional web related logging consider setting the 'logging.level.web' property to 'DEBUG'
2022-06-23 15:09:17.392  INFO 7572 --- [restartedMain] o.s.b.w.embedded.tomcat.TomcatWebServer  : Tomcat initialized with port(s): 8080 (http)
2022-06-23 15:09:17.419  INFO 7572 --- [restartedMain] o.apache.catalina.core.StandardService   : Starting service [Tomcat]
2022-06-23 15:09:17.420  INFO 7572 --- [restartedMain] org.apache.catalina.core.StandardEngine  : Starting Servlet engine: [Apache Tomcat/9.0.63]
2022-06-23 15:09:17.915  INFO 7572 --- [restartedMain] o.a.c.c.C.[Tomcat].[localhost].[/]       : Initializing Spring embedded WebApplicationContext
2022-06-23 15:09:18.033  INFO 7572 --- [restartedMain] w.s.c.ServletWebServerApplicationContext : Root WebApplicationContext: initialization completed in 5055 ms
2022-06-23 15:09:19.558  INFO 7572 --- [restartedMain] o.s.b.a.w.s.WelcomePageHandlerMapping    : Adding welcome page: class path resource [static/index.html]
2022-06-23 15:09:20.057  INFO 7572 --- [restartedMain] o.s.b.d.a.OptionalLiveReloadServer       : LiveReload server is running on port 35729
2022-06-23 15:09:20.240  INFO 7572 --- [restartedMain] o.s.b.w.embedded.tomcat.TomcatWebServer  : Tomcat started on port(s): 8080 (http) with context path ''
2022-06-23 15:09:20.312  INFO 7572 --- [restartedMain] com.example.demo.DemoApplication         : Started DemoApplication in 8.347 seconds (JVM running for 9.332)
2022-06-23 15:09:20.327  INFO 7572 --- [restartedMain] com.example.demo.DemoApplication         : An INFO Message
2022-06-23 15:09:20.328  WARN 7572 --- [restartedMain] com.example.demo.DemoApplication         : An WARN Message
2022-06-23 15:09:32.064  INFO 7572 --- [http-nio-8080-exec-1] o.a.c.c.C.[Tomcat].[localhost].[/]       : Initializing Spring DispatcherServlet 'dispatcherServlet'
2022-06-23 15:09:32.066  INFO 7572 --- [http-nio-8080-exec-1] o.s.web.servlet.DispatcherServlet        : Initializing Servlet 'dispatcherServlet'
2022-06-23 15:09:32.067  INFO 7572 --- [http-nio-8080-exec-1] o.s.web.servlet.DispatcherServlet        : Completed initialization in 1 ms
